<?xml version="1.0" encoding="UTF-8"?>
<testsuite name="com.training.luislesson2.services.PaymentServiceTest" tests="2" skipped="0" failures="0" errors="0" timestamp="2019-05-21T23:04:51" hostname="STCHDESBEC09" time="0.713">
  <properties/>
  <testcase name="showLastPaymentAmount" classname="com.training.luislesson2.services.PaymentServiceTest" time="0.694"/>
  <testcase name="pay" classname="com.training.luislesson2.services.PaymentServiceTest" time="0.015"/>
  <system-out><![CDATA[18:04:49.726 [Test worker] DEBUG org.springframework.test.context.junit4.SpringJUnit4ClassRunner - SpringJUnit4ClassRunner constructor called with [class com.training.luislesson2.services.PaymentServiceTest]
18:04:49.741 [Test worker] DEBUG org.springframework.test.context.BootstrapUtils - Instantiating CacheAwareContextLoaderDelegate from class [org.springframework.test.context.cache.DefaultCacheAwareContextLoaderDelegate]
18:04:49.759 [Test worker] DEBUG org.springframework.test.context.BootstrapUtils - Instantiating BootstrapContext using constructor [public org.springframework.test.context.support.DefaultBootstrapContext(java.lang.Class,org.springframework.test.context.CacheAwareContextLoaderDelegate)]
18:04:49.784 [Test worker] DEBUG org.springframework.test.context.BootstrapUtils - Instantiating TestContextBootstrapper for test class [com.training.luislesson2.services.PaymentServiceTest] from class [org.springframework.boot.test.context.SpringBootTestContextBootstrapper]
18:04:49.801 [Test worker] INFO org.springframework.boot.test.context.SpringBootTestContextBootstrapper - Neither @ContextConfiguration nor @ContextHierarchy found for test class [com.training.luislesson2.services.PaymentServiceTest], using SpringBootContextLoader
18:04:49.806 [Test worker] DEBUG org.springframework.test.context.support.AbstractContextLoader - Did not detect default resource location for test class [com.training.luislesson2.services.PaymentServiceTest]: class path resource [com/training/luislesson2/services/PaymentServiceTest-context.xml] does not exist
18:04:49.808 [Test worker] DEBUG org.springframework.test.context.support.AbstractContextLoader - Did not detect default resource location for test class [com.training.luislesson2.services.PaymentServiceTest]: class path resource [com/training/luislesson2/services/PaymentServiceTestContext.groovy] does not exist
18:04:49.808 [Test worker] INFO org.springframework.test.context.support.AbstractContextLoader - Could not detect default resource locations for test class [com.training.luislesson2.services.PaymentServiceTest]: no resource found for suffixes {-context.xml, Context.groovy}.
18:04:49.809 [Test worker] INFO org.springframework.test.context.support.AnnotationConfigContextLoaderUtils - Could not detect default configuration classes for test class [com.training.luislesson2.services.PaymentServiceTest]: PaymentServiceTest does not declare any static, non-private, non-final, nested classes annotated with @Configuration.
18:04:49.893 [Test worker] DEBUG org.springframework.test.context.support.ActiveProfilesUtils - Could not find an 'annotation declaring class' for annotation type [org.springframework.test.context.ActiveProfiles] and class [com.training.luislesson2.services.PaymentServiceTest]
18:04:50.023 [Test worker] DEBUG org.springframework.context.annotation.ClassPathScanningCandidateComponentProvider - Identified candidate component class: file [C:\Users\luis.araujo\Downloads\luis-lesson2\luis-lesson2\build\classes\java\main\com\training\luislesson2\LuisLesson2Application.class]
18:04:50.027 [Test worker] INFO org.springframework.boot.test.context.SpringBootTestContextBootstrapper - Found @SpringBootConfiguration com.training.luislesson2.LuisLesson2Application for test class com.training.luislesson2.services.PaymentServiceTest
18:04:50.167 [Test worker] DEBUG org.springframework.boot.test.context.SpringBootTestContextBootstrapper - @TestExecutionListeners is not present for class [com.training.luislesson2.services.PaymentServiceTest]: using defaults.
18:04:50.168 [Test worker] INFO org.springframework.boot.test.context.SpringBootTestContextBootstrapper - Loaded default TestExecutionListener class names from location [META-INF/spring.factories]: [org.springframework.boot.test.autoconfigure.restdocs.RestDocsTestExecutionListener, org.springframework.boot.test.autoconfigure.web.client.MockRestServiceServerResetTestExecutionListener, org.springframework.boot.test.autoconfigure.web.servlet.MockMvcPrintOnlyOnFailureTestExecutionListener, org.springframework.boot.test.autoconfigure.web.servlet.WebDriverTestExecutionListener, org.springframework.boot.test.mock.mockito.MockitoTestExecutionListener, org.springframework.boot.test.mock.mockito.ResetMocksTestExecutionListener, org.springframework.test.context.web.ServletTestExecutionListener, org.springframework.test.context.support.DirtiesContextBeforeModesTestExecutionListener, org.springframework.test.context.support.DependencyInjectionTestExecutionListener, org.springframework.test.context.support.DirtiesContextTestExecutionListener, org.springframework.test.context.transaction.TransactionalTestExecutionListener, org.springframework.test.context.jdbc.SqlScriptsTestExecutionListener]
18:04:50.191 [Test worker] DEBUG org.springframework.boot.test.context.SpringBootTestContextBootstrapper - Skipping candidate TestExecutionListener [org.springframework.test.context.web.ServletTestExecutionListener] due to a missing dependency. Specify custom listener classes or make the default listener classes and their required dependencies available. Offending class: [javax/servlet/ServletContext]
18:04:50.196 [Test worker] DEBUG org.springframework.boot.test.context.SpringBootTestContextBootstrapper - Skipping candidate TestExecutionListener [org.springframework.test.context.transaction.TransactionalTestExecutionListener] due to a missing dependency. Specify custom listener classes or make the default listener classes and their required dependencies available. Offending class: [org/springframework/transaction/interceptor/TransactionAttributeSource]
18:04:50.199 [Test worker] DEBUG org.springframework.boot.test.context.SpringBootTestContextBootstrapper - Skipping candidate TestExecutionListener [org.springframework.test.context.jdbc.SqlScriptsTestExecutionListener] due to a missing dependency. Specify custom listener classes or make the default listener classes and their required dependencies available. Offending class: [org/springframework/transaction/interceptor/TransactionAttribute]
18:04:50.199 [Test worker] INFO org.springframework.boot.test.context.SpringBootTestContextBootstrapper - Using TestExecutionListeners: [org.springframework.test.context.support.DirtiesContextBeforeModesTestExecutionListener@bad7b4a, org.springframework.boot.test.mock.mockito.MockitoTestExecutionListener@24f148ab, org.springframework.boot.test.autoconfigure.SpringBootDependencyInjectionTestExecutionListener@4fd473ed, org.springframework.test.context.support.DirtiesContextTestExecutionListener@653f6def, org.springframework.boot.test.autoconfigure.restdocs.RestDocsTestExecutionListener@5282d29, org.springframework.boot.test.autoconfigure.web.client.MockRestServiceServerResetTestExecutionListener@2b329937, org.springframework.boot.test.autoconfigure.web.servlet.MockMvcPrintOnlyOnFailureTestExecutionListener@4795cca7, org.springframework.boot.test.autoconfigure.web.servlet.WebDriverTestExecutionListener@59db91af, org.springframework.boot.test.mock.mockito.ResetMocksTestExecutionListener@1d5eaed8]
18:04:50.205 [Test worker] DEBUG org.springframework.test.annotation.ProfileValueUtils - Retrieved @ProfileValueSourceConfiguration [null] for test class [com.training.luislesson2.services.PaymentServiceTest]
18:04:50.207 [Test worker] DEBUG org.springframework.test.annotation.ProfileValueUtils - Retrieved ProfileValueSource type [class org.springframework.test.annotation.SystemProfileValueSource] for class [com.training.luislesson2.services.PaymentServiceTest]
18:04:50.212 [Test worker] DEBUG org.springframework.test.annotation.ProfileValueUtils - Retrieved @ProfileValueSourceConfiguration [null] for test class [com.training.luislesson2.services.PaymentServiceTest]
18:04:50.212 [Test worker] DEBUG org.springframework.test.annotation.ProfileValueUtils - Retrieved ProfileValueSource type [class org.springframework.test.annotation.SystemProfileValueSource] for class [com.training.luislesson2.services.PaymentServiceTest]
18:04:50.214 [Test worker] DEBUG org.springframework.test.annotation.ProfileValueUtils - Retrieved @ProfileValueSourceConfiguration [null] for test class [com.training.luislesson2.services.PaymentServiceTest]
18:04:50.214 [Test worker] DEBUG org.springframework.test.annotation.ProfileValueUtils - Retrieved ProfileValueSource type [class org.springframework.test.annotation.SystemProfileValueSource] for class [com.training.luislesson2.services.PaymentServiceTest]
18:04:50.221 [Test worker] DEBUG org.springframework.test.context.support.AbstractDirtiesContextTestExecutionListener - Before test class: context [DefaultTestContext@341c529b testClass = PaymentServiceTest, testInstance = [null], testMethod = [null], testException = [null], mergedContextConfiguration = [MergedContextConfiguration@1de14dfa testClass = PaymentServiceTest, locations = '{}', classes = '{class com.training.luislesson2.LuisLesson2Application}', contextInitializerClasses = '[]', activeProfiles = '{}', propertySourceLocations = '{}', propertySourceProperties = '{org.springframework.boot.test.context.SpringBootTestContextBootstrapper=true}', contextCustomizers = set[org.springframework.boot.test.autoconfigure.properties.PropertyMappingContextCustomizer@0, org.springframework.boot.test.autoconfigure.web.servlet.WebDriverContextCustomizerFactory$Customizer@600d4c0b, org.springframework.boot.test.context.filter.ExcludeFilterContextCustomizer@44d48b10, org.springframework.boot.test.json.DuplicateJsonObjectContextCustomizerFactory$DuplicateJsonObjectContextCustomizer@162b03ec, org.springframework.boot.test.mock.mockito.MockitoContextCustomizer@0, org.springframework.boot.test.web.client.TestRestTemplateContextCustomizer@64380852], contextLoader = 'org.springframework.boot.test.context.SpringBootContextLoader', parent = [null]], attributes = map[[empty]]], class annotated with @DirtiesContext [false] with mode [null].
18:04:50.222 [Test worker] DEBUG org.springframework.test.annotation.ProfileValueUtils - Retrieved @ProfileValueSourceConfiguration [null] for test class [com.training.luislesson2.services.PaymentServiceTest]
18:04:50.222 [Test worker] DEBUG org.springframework.test.annotation.ProfileValueUtils - Retrieved ProfileValueSource type [class org.springframework.test.annotation.SystemProfileValueSource] for class [com.training.luislesson2.services.PaymentServiceTest]
18:04:50.229 [Test worker] DEBUG org.springframework.test.context.support.DependencyInjectionTestExecutionListener - Performing dependency injection for test context [[DefaultTestContext@341c529b testClass = PaymentServiceTest, testInstance = com.training.luislesson2.services.PaymentServiceTest@4e9d1f64, testMethod = [null], testException = [null], mergedContextConfiguration = [MergedContextConfiguration@1de14dfa testClass = PaymentServiceTest, locations = '{}', classes = '{class com.training.luislesson2.LuisLesson2Application}', contextInitializerClasses = '[]', activeProfiles = '{}', propertySourceLocations = '{}', propertySourceProperties = '{org.springframework.boot.test.context.SpringBootTestContextBootstrapper=true}', contextCustomizers = set[org.springframework.boot.test.autoconfigure.properties.PropertyMappingContextCustomizer@0, org.springframework.boot.test.autoconfigure.web.servlet.WebDriverContextCustomizerFactory$Customizer@600d4c0b, org.springframework.boot.test.context.filter.ExcludeFilterContextCustomizer@44d48b10, org.springframework.boot.test.json.DuplicateJsonObjectContextCustomizerFactory$DuplicateJsonObjectContextCustomizer@162b03ec, org.springframework.boot.test.mock.mockito.MockitoContextCustomizer@0, org.springframework.boot.test.web.client.TestRestTemplateContextCustomizer@64380852], contextLoader = 'org.springframework.boot.test.context.SpringBootContextLoader', parent = [null]], attributes = map[[empty]]]].
18:04:50.263 [Test worker] DEBUG org.springframework.test.context.support.TestPropertySourceUtils - Adding inlined properties to environment: {spring.jmx.enabled=false, org.springframework.boot.test.context.SpringBootTestContextBootstrapper=true, server.port=-1}

  .   ____          _            __ _ _
 /\\ / ___'_ __ _ _(_)_ __  __ _ \ \ \ \
( ( )\___ | '_ | '_| | '_ \/ _` | \ \ \ \
 \\/  ___)| |_)| | | | | || (_| |  ) ) ) )
  '  |____| .__|_| |_|_| |_\__, | / / / /
 =========|_|==============|___/=/_/_/_/
 :: Spring Boot ::        (v2.1.5.RELEASE)

2019-05-21 18:04:50.709  INFO 14132 --- [    Test worker] c.t.l.services.PaymentServiceTest        : Starting PaymentServiceTest on STCHDESBEC09 with PID 14132 (started by luis.araujo in C:\Users\luis.araujo\Downloads\luis-lesson2\luis-lesson2)
2019-05-21 18:04:50.714  INFO 14132 --- [    Test worker] c.t.l.services.PaymentServiceTest        : No active profile set, falling back to default profiles: default
2019-05-21 18:04:51.500  INFO 14132 --- [    Test worker] c.t.l.services.PaymentServiceTest        : Started PaymentServiceTest in 1.227 seconds (JVM running for 2.965)
Test showLastPaymentAmount
Last payment: 0.0
Test pay
2019-05-21 18:04:52.220  INFO 14132 --- [    Test worker] c.t.luislesson2.services.PaymentService  : Register payment with amount: 0.0
]]></system-out>
  <system-err><![CDATA[]]></system-err>
</testsuite>
