<?xml version="1.0" encoding="UTF-8"?>
<testsuite name="PersonGreeterTest" tests="1" skipped="0" failures="0" errors="0" timestamp="2019-05-23T20:54:30" hostname="DESKTOP-V3FD7M1" time="0.001">
  <properties/>
  <testcase name="sayHello_personWithFirstNameAndLastName_shouldReturnPersonGreet" classname="PersonGreeterTest" time="0.001"/>
  <system-out><![CDATA[]]></system-out>
  <system-err><![CDATA[]]></system-err>
</testsuite>
